<?xml version="1.0" encoding="UTF-8"?>
<testsuite name="com.dev9.CalculatorTest" tests="3" failures="0" errors="0" timestamp="2014-03-12T23:01:19" hostname="A131573L" time="0.127">
  <properties/>
  <testcase name="testDivide" classname="com.dev9.CalculatorTest" time="0.051"/>
  <testcase name="testDivideByZero" classname="com.dev9.CalculatorTest" time="0.067"/>
  <testcase name="testMultiply" classname="com.dev9.CalculatorTest" time="0.001"/>
  <system-out><![CDATA[16:01:19.283 [Test worker] INFO  com.dev9.CalculatorTest - Divide by zero results in... Infinity
]]></system-out>
  <system-err><![CDATA[]]></system-err>
</testsuite>
